  Dungeon_Crawler.cpp
C:\Users\Luis\Documents\GitHub\2D-Game-Programming\2D_programming_class\Dungeon_Crawler.cpp(78): warning C4244: 'initializing': conversion from 'double' to 'float', possible loss of data
C:\Users\Luis\Documents\GitHub\2D-Game-Programming\2D_programming_class\Dungeon_Crawler.cpp(79): warning C4244: 'initializing': conversion from 'double' to 'float', possible loss of data
C:\Users\Luis\Documents\GitHub\2D-Game-Programming\2D_programming_class\Dungeon_Crawler.cpp(80): warning C4244: 'initializing': conversion from 'double' to 'float', possible loss of data
C:\Users\Luis\Documents\GitHub\2D-Game-Programming\2D_programming_class\Dungeon_Crawler.cpp(81): warning C4244: 'initializing': conversion from 'double' to 'float', possible loss of data
C:\Users\Luis\Documents\GitHub\2D-Game-Programming\2D_programming_class\Dungeon_Crawler.cpp(113): warning C4477: 'printf' : format string '%d' requires an argument of type 'int', but variadic argument 1 has type 'double'
C:\Users\Luis\Documents\GitHub\2D-Game-Programming\2D_programming_class\Dungeon_Crawler.cpp(115): warning C4477: 'printf' : format string '%d' requires an argument of type 'int', but variadic argument 1 has type 'double'
C:\Users\Luis\Documents\GitHub\2D-Game-Programming\2D_programming_class\Dungeon_Crawler.cpp(133): warning C4244: 'argument': conversion from 'time_t' to 'unsigned int', possible loss of data
C:\Users\Luis\Documents\GitHub\2D-Game-Programming\2D_programming_class\Dungeon_Crawler.cpp(229): warning C4244: '=': conversion from 'float' to 'int', possible loss of data
C:\Users\Luis\Documents\GitHub\2D-Game-Programming\2D_programming_class\Dungeon_Crawler.cpp(230): warning C4244: '=': conversion from 'float' to 'int', possible loss of data
C:\Users\Luis\Documents\GitHub\2D-Game-Programming\2D_programming_class\Dungeon_Crawler.cpp(231): warning C4244: '=': conversion from 'float' to 'int', possible loss of data
C:\Users\Luis\Documents\GitHub\2D-Game-Programming\2D_programming_class\Dungeon_Crawler.cpp(232): warning C4244: '=': conversion from 'float' to 'int', possible loss of data
C:\Users\Luis\Documents\GitHub\2D-Game-Programming\2D_programming_class\Dungeon_Crawler.cpp(418): warning C4244: 'argument': conversion from 'int' to 'float', possible loss of data
C:\Users\Luis\Documents\GitHub\2D-Game-Programming\2D_programming_class\Dungeon_Crawler.cpp(419): warning C4244: 'argument': conversion from 'int' to 'float', possible loss of data
C:\Users\Luis\Documents\GitHub\2D-Game-Programming\2D_programming_class\Dungeon_Crawler.cpp(420): warning C4244: 'argument': conversion from 'int' to 'float', possible loss of data
C:\Users\Luis\Documents\GitHub\2D-Game-Programming\2D_programming_class\Dungeon_Crawler.cpp(421): warning C4244: 'argument': conversion from 'int' to 'float', possible loss of data
C:\Users\Luis\Documents\GitHub\2D-Game-Programming\2D_programming_class\Dungeon_Crawler.cpp(422): warning C4244: 'argument': conversion from 'int' to 'float', possible loss of data
C:\Users\Luis\Documents\GitHub\2D-Game-Programming\2D_programming_class\Dungeon_Crawler.cpp(423): warning C4244: 'argument': conversion from 'int' to 'float', possible loss of data
C:\Users\Luis\Documents\GitHub\2D-Game-Programming\2D_programming_class\Dungeon_Crawler.cpp(424): warning C4244: 'argument': conversion from 'int' to 'float', possible loss of data
C:\Users\Luis\Documents\GitHub\2D-Game-Programming\2D_programming_class\Dungeon_Crawler.cpp(425): warning C4244: 'argument': conversion from 'int' to 'float', possible loss of data
C:\Users\Luis\Documents\GitHub\2D-Game-Programming\2D_programming_class\Dungeon_Crawler.cpp(451): warning C4244: 'argument': conversion from 'int' to 'float', possible loss of data
C:\Users\Luis\Documents\GitHub\2D-Game-Programming\2D_programming_class\Dungeon_Crawler.cpp(675): warning C4244: 'initializing': conversion from 'int' to 'float', possible loss of data
C:\Users\Luis\Documents\GitHub\2D-Game-Programming\2D_programming_class\Dungeon_Crawler.cpp(686): warning C4244: '=': conversion from 'float' to 'int', possible loss of data
C:\Users\Luis\Documents\GitHub\2D-Game-Programming\2D_programming_class\Dungeon_Crawler.cpp(687): warning C4244: '=': conversion from 'float' to 'int', possible loss of data
  Generating code
  5 of 7 functions (71.4%) were compiled, the rest were copied from previous compilation.
    3 functions were new in current compilation
    0 functions had inline decision re-evaluated but remain unchanged
  Finished generating code
  SDL_intro.vcxproj -> C:\Users\Luis\Documents\GitHub\2D-Game-Programming\2D_programming_class\Release\SDL_intro.exe
