  Dungeon_Crawler.cpp
C:\Users\Luis\Documents\GitHub\2D-Game-Programming\2D_programming_final\Dungeon_Crawler.cpp(103): warning C4244: 'initializing': conversion from 'double' to 'float', possible loss of data
C:\Users\Luis\Documents\GitHub\2D-Game-Programming\2D_programming_final\Dungeon_Crawler.cpp(104): warning C4244: 'initializing': conversion from 'double' to 'float', possible loss of data
C:\Users\Luis\Documents\GitHub\2D-Game-Programming\2D_programming_final\Dungeon_Crawler.cpp(105): warning C4244: 'initializing': conversion from 'double' to 'float', possible loss of data
C:\Users\Luis\Documents\GitHub\2D-Game-Programming\2D_programming_final\Dungeon_Crawler.cpp(106): warning C4244: 'initializing': conversion from 'double' to 'float', possible loss of data
C:\Users\Luis\Documents\GitHub\2D-Game-Programming\2D_programming_final\Dungeon_Crawler.cpp(138): warning C4477: 'printf' : format string '%d' requires an argument of type 'int', but variadic argument 1 has type 'double'
C:\Users\Luis\Documents\GitHub\2D-Game-Programming\2D_programming_final\Dungeon_Crawler.cpp(140): warning C4477: 'printf' : format string '%d' requires an argument of type 'int', but variadic argument 1 has type 'double'
C:\Users\Luis\Documents\GitHub\2D-Game-Programming\2D_programming_final\Dungeon_Crawler.cpp(225): warning C4244: 'initializing': conversion from 'float' to 'int', possible loss of data
C:\Users\Luis\Documents\GitHub\2D-Game-Programming\2D_programming_final\Dungeon_Crawler.cpp(226): warning C4838: conversion from 'float' to 'int' requires a narrowing conversion
C:\Users\Luis\Documents\GitHub\2D-Game-Programming\2D_programming_final\Dungeon_Crawler.cpp(226): warning C4244: 'initializing': conversion from 'float' to 'int', possible loss of data
C:\Users\Luis\Documents\GitHub\2D-Game-Programming\2D_programming_final\Dungeon_Crawler.cpp(227): warning C4838: conversion from 'float' to 'int' requires a narrowing conversion
C:\Users\Luis\Documents\GitHub\2D-Game-Programming\2D_programming_final\Dungeon_Crawler.cpp(227): warning C4244: 'initializing': conversion from 'float' to 'int', possible loss of data
C:\Users\Luis\Documents\GitHub\2D-Game-Programming\2D_programming_final\Dungeon_Crawler.cpp(240): warning C4244: 'argument': conversion from 'time_t' to 'unsigned int', possible loss of data
C:\Users\Luis\Documents\GitHub\2D-Game-Programming\2D_programming_final\Dungeon_Crawler.cpp(360): warning C4244: '=': conversion from 'float' to 'int', possible loss of data
C:\Users\Luis\Documents\GitHub\2D-Game-Programming\2D_programming_final\Dungeon_Crawler.cpp(361): warning C4244: '=': conversion from 'float' to 'int', possible loss of data
C:\Users\Luis\Documents\GitHub\2D-Game-Programming\2D_programming_final\Dungeon_Crawler.cpp(362): warning C4244: '=': conversion from 'float' to 'int', possible loss of data
C:\Users\Luis\Documents\GitHub\2D-Game-Programming\2D_programming_final\Dungeon_Crawler.cpp(363): warning C4244: '=': conversion from 'float' to 'int', possible loss of data
C:\Users\Luis\Documents\GitHub\2D-Game-Programming\2D_programming_final\Dungeon_Crawler.cpp(487): warning C4244: 'initializing': conversion from 'unsigned int' to 'float', possible loss of data
C:\Users\Luis\Documents\GitHub\2D-Game-Programming\2D_programming_final\Dungeon_Crawler.cpp(555): warning C4244: 'argument': conversion from 'int' to 'float', possible loss of data
C:\Users\Luis\Documents\GitHub\2D-Game-Programming\2D_programming_final\Dungeon_Crawler.cpp(556): warning C4244: 'argument': conversion from 'int' to 'float', possible loss of data
C:\Users\Luis\Documents\GitHub\2D-Game-Programming\2D_programming_final\Dungeon_Crawler.cpp(557): warning C4244: 'argument': conversion from 'int' to 'float', possible loss of data
C:\Users\Luis\Documents\GitHub\2D-Game-Programming\2D_programming_final\Dungeon_Crawler.cpp(558): warning C4244: 'argument': conversion from 'int' to 'float', possible loss of data
C:\Users\Luis\Documents\GitHub\2D-Game-Programming\2D_programming_final\Dungeon_Crawler.cpp(559): warning C4244: 'argument': conversion from 'int' to 'float', possible loss of data
C:\Users\Luis\Documents\GitHub\2D-Game-Programming\2D_programming_final\Dungeon_Crawler.cpp(560): warning C4244: 'argument': conversion from 'int' to 'float', possible loss of data
C:\Users\Luis\Documents\GitHub\2D-Game-Programming\2D_programming_final\Dungeon_Crawler.cpp(561): warning C4244: 'argument': conversion from 'int' to 'float', possible loss of data
C:\Users\Luis\Documents\GitHub\2D-Game-Programming\2D_programming_final\Dungeon_Crawler.cpp(562): warning C4244: 'argument': conversion from 'int' to 'float', possible loss of data
C:\Users\Luis\Documents\GitHub\2D-Game-Programming\2D_programming_final\Dungeon_Crawler.cpp(596): warning C4244: 'argument': conversion from 'int' to 'float', possible loss of data
C:\Users\Luis\Documents\GitHub\2D-Game-Programming\2D_programming_final\Dungeon_Crawler.cpp(755): warning C4244: 'initializing': conversion from 'int' to 'float', possible loss of data
C:\Users\Luis\Documents\GitHub\2D-Game-Programming\2D_programming_final\Dungeon_Crawler.cpp(773): warning C4244: '=': conversion from 'float' to 'int', possible loss of data
C:\Users\Luis\Documents\GitHub\2D-Game-Programming\2D_programming_final\Dungeon_Crawler.cpp(774): warning C4244: '=': conversion from 'float' to 'int', possible loss of data
  Generating code
  1 of 13 functions ( 7.7%) were compiled, the rest were copied from previous compilation.
    0 functions were new in current compilation
    0 functions had inline decision re-evaluated but remain unchanged
  Finished generating code
  SDL_intro.vcxproj -> C:\Users\Luis\Documents\GitHub\2D-Game-Programming\2D_programming_final\Release\SDL_intro.exe
