  SDL_Collision_Impulse.cpp
c:\users\luis\documents\github\2d-game-programming\2d_programming_class\sdl_collision_impulse.cpp(63): warning C4244: 'initializing': conversion from 'double' to 'float', possible loss of data
c:\users\luis\documents\github\2d-game-programming\2d_programming_class\sdl_collision_impulse.cpp(64): warning C4244: 'initializing': conversion from 'double' to 'float', possible loss of data
c:\users\luis\documents\github\2d-game-programming\2d_programming_class\sdl_collision_impulse.cpp(65): warning C4244: 'initializing': conversion from 'double' to 'float', possible loss of data
c:\users\luis\documents\github\2d-game-programming\2d_programming_class\sdl_collision_impulse.cpp(66): warning C4244: 'initializing': conversion from 'double' to 'float', possible loss of data
c:\users\luis\documents\github\2d-game-programming\2d_programming_class\sdl_collision_impulse.cpp(136): warning C4244: 'initializing': conversion from 'double' to 'float', possible loss of data
c:\users\luis\documents\github\2d-game-programming\2d_programming_class\sdl_collision_impulse.cpp(150): warning C4244: 'initializing': conversion from 'double' to 'float', possible loss of data
c:\users\luis\documents\github\2d-game-programming\2d_programming_class\sdl_collision_impulse.cpp(208): warning C4244: 'initializing': conversion from 'double' to 'float', possible loss of data
c:\users\luis\documents\github\2d-game-programming\2d_programming_class\sdl_collision_impulse.cpp(248): warning C4244: '=': conversion from 'int' to 'float', possible loss of data
c:\users\luis\documents\github\2d-game-programming\2d_programming_class\sdl_collision_impulse.cpp(249): warning C4244: '=': conversion from 'int' to 'float', possible loss of data
c:\users\luis\documents\github\2d-game-programming\2d_programming_class\sdl_collision_impulse.cpp(250): warning C4244: '=': conversion from 'int' to 'float', possible loss of data
c:\users\luis\documents\github\2d-game-programming\2d_programming_class\sdl_collision_impulse.cpp(251): warning C4244: '=': conversion from 'int' to 'float', possible loss of data
c:\users\luis\documents\github\2d-game-programming\2d_programming_class\sdl_collision_impulse.cpp(252): warning C4244: '=': conversion from 'double' to 'float', possible loss of data
c:\users\luis\documents\github\2d-game-programming\2d_programming_class\sdl_collision_impulse.cpp(253): warning C4244: '=': conversion from 'double' to 'float', possible loss of data
c:\users\luis\documents\github\2d-game-programming\2d_programming_class\sdl_collision_impulse.cpp(291): warning C4244: 'argument': conversion from 'int' to 'float', possible loss of data
c:\users\luis\documents\github\2d-game-programming\2d_programming_class\sdl_collision_impulse.cpp(294): warning C4244: 'argument': conversion from 'int' to 'float', possible loss of data
c:\users\luis\documents\github\2d-game-programming\2d_programming_class\sdl_collision_impulse.cpp(297): warning C4244: 'argument': conversion from 'int' to 'float', possible loss of data
c:\users\luis\documents\github\2d-game-programming\2d_programming_class\sdl_collision_impulse.cpp(300): warning C4244: 'argument': conversion from 'int' to 'float', possible loss of data
c:\users\luis\documents\github\2d-game-programming\2d_programming_class\sdl_collision_impulse.cpp(310): warning C4244: 'argument': conversion from 'float' to 'int', possible loss of data
  Generating code
  1 of 6 functions (16.7%) were compiled, the rest were copied from previous compilation.
    0 functions were new in current compilation
    0 functions had inline decision re-evaluated but remain unchanged
  Finished generating code
  SDL_intro.vcxproj -> C:\Users\Luis\Documents\GitHub\2D-Game-Programming\2D_programming_class\Release\SDL_intro.exe
